0 info it worked if it ends with ok
1 verbose cli [ '/usr/local/Cellar/node/7.8.0/bin/node',
1 verbose cli   '/usr/local/bin/npm',
1 verbose cli   'install' ]
2 info using npm@2.15.5
3 info using node@v7.8.0
4 verbose config Skipping project config: /Users/Guano/.npmrc. (matches userconfig)
5 verbose readDependencies loading dependencies from /Users/Guano/package.json
6 error install Couldn't read dependencies
7 verbose stack Error: ENOENT: no such file or directory, open '/Users/Guano/package.json'
8 verbose cwd /Users/Guano/prework/code/labs/lab-es6-algorithms
9 error Darwin 16.4.0
10 error argv "/usr/local/Cellar/node/7.8.0/bin/node" "/usr/local/bin/npm" "install"
11 error node v7.8.0
12 error npm  v2.15.5
13 error path /Users/Guano/package.json
14 error code ENOPACKAGEJSON
15 error errno -2
16 error syscall open
17 error package.json ENOENT: no such file or directory, open '/Users/Guano/package.json'
17 error package.json This is most likely not a problem with npm itself.
17 error package.json npm can't find a package.json file in your current directory.
18 verbose exit [ -2, true ]
